<?xml version="1.0" encoding="UTF-8"?>
<!-- Generated by org.testng.reporters.JUnitXMLReporter -->
<testsuite ignored="0" hostname="Chiranjeevi-PC" failures="0" tests="2" name="ChromeTest" time="27.471" errors="0" timestamp="2025-08-10T13:20:18 IST">
  <testcase classname="com.infosys.opencart.tests.RegistrationTest" name="valid_Account_registration_test" time="12.69"/>
  <testcase classname="com.infosys.opencart.tests.LoginTest" name="verify_login_test" time="4.5"/>
</testsuite> <!-- ChromeTest -->
