<?xml version="1.0" encoding="UTF-8"?>
<!-- Generated by org.testng.reporters.JUnitXMLReporter -->
<testsuite ignored="0" hostname="Chiranjeevi-PC" failures="0" tests="2" name="LinuxChromeTest" time="12.643" errors="0" timestamp="2025-08-10T17:56:08 IST">
  <testcase classname="com.infosys.opencart.tests.RegistrationTest" name="valid_Account_registration_test" time="4.243"/>
  <testcase classname="com.infosys.opencart.tests.LoginTest" name="verify_login_test" time="2.726"/>
</testsuite> <!-- LinuxChromeTest -->
