<?xml version="1.0" encoding="UTF-8"?>
<!-- Generated by org.testng.reporters.JUnitXMLReporter -->
<testsuite ignored="0" hostname="Chiranjeevi-PC" failures="0" tests="2" name="LinuxFirefoxTest" time="24.631" errors="0" timestamp="2025-08-10T17:56:38 IST">
  <testcase classname="com.infosys.opencart.tests.RegistrationTest" name="valid_Account_registration_test" time="4.087"/>
  <testcase classname="com.infosys.opencart.tests.LoginTest" name="verify_login_test" time="3.689"/>
</testsuite> <!-- LinuxFirefoxTest -->
