<?xml version="1.0" encoding="UTF-8"?>
<!-- Generated by org.testng.reporters.JUnitXMLReporter -->
<testsuite ignored="0" hostname="Chiranjeevi-PC" failures="0" tests="2" name="FirefoxTest" time="21.016" errors="0" timestamp="2025-08-10T13:07:05 IST">
  <testcase classname="com.infosys.opencart.tests.RegistrationTest" name="valid_Account_registration_test" time="3.36"/>
  <testcase classname="com.infosys.opencart.tests.LoginTest" name="verify_login_test" time="2.255"/>
</testsuite> <!-- FirefoxTest -->
