<?xml version="1.0" encoding="UTF-8"?>
<testng-results ignored="0" total="2" passed="2" failed="0" skipped="0">
  <reporter-output>
  </reporter-output>
  <suite started-at="2025-08-23T15:44:51 IST" name="Master Suite" finished-at="2025-08-23T15:45:10 IST" duration-ms="19247">
    <groups>
      <group name="Master">
        <method signature="LoginTest.verify_login_test()[pri:0, instance:com.infosys.opencart.tests.LoginTest@6aa3a905]" name="verify_login_test" class="com.infosys.opencart.tests.LoginTest"/>
        <method signature="RegistrationTest.valid_Account_registration_test()[pri:0, instance:com.infosys.opencart.tests.RegistrationTest@4b14918a]" name="valid_Account_registration_test" class="com.infosys.opencart.tests.RegistrationTest"/>
      </group> <!-- Master -->
      <group name="Sanity">
        <method signature="LoginTest.verify_login_test()[pri:0, instance:com.infosys.opencart.tests.LoginTest@6aa3a905]" name="verify_login_test" class="com.infosys.opencart.tests.LoginTest"/>
      </group> <!-- Sanity -->
      <group name="Regression">
        <method signature="RegistrationTest.valid_Account_registration_test()[pri:0, instance:com.infosys.opencart.tests.RegistrationTest@4b14918a]" name="valid_Account_registration_test" class="com.infosys.opencart.tests.RegistrationTest"/>
      </group> <!-- Regression -->
    </groups>
    <test started-at="2025-08-23T15:44:51 IST" name="Test" finished-at="2025-08-23T15:45:10 IST" duration-ms="19247">
      <class name="com.infosys.opencart.tests.LoginTest">
        <test-method is-config="true" signature="setup(java.lang.String,java.lang.String)[pri:0, instance:com.infosys.opencart.tests.LoginTest@6aa3a905]" started-at="2025-08-23T15:45:04 IST" name="setup" finished-at="2025-08-23T15:45:07 IST" duration-ms="2781" status="PASS">
          <params>
            <param index="0">
              <value>
                <![CDATA[edge]]>
              </value>
            </param>
            <param index="1">
              <value>
                <![CDATA[Windows]]>
              </value>
            </param>
          </params>
          <reporter-output>
          </reporter-output>
        </test-method> <!-- setup -->
        <test-method is-config="true" signature="setUpPages()[pri:0, instance:com.infosys.opencart.tests.LoginTest@6aa3a905]" started-at="2025-08-23T15:45:07 IST" name="setUpPages" finished-at="2025-08-23T15:45:07 IST" duration-ms="68" status="PASS">
          <reporter-output>
          </reporter-output>
        </test-method> <!-- setUpPages -->
        <test-method signature="verify_login_test()[pri:0, instance:com.infosys.opencart.tests.LoginTest@6aa3a905]" started-at="2025-08-23T15:45:07 IST" name="verify_login_test" description="Verify that a user can login with valid credentials" finished-at="2025-08-23T15:45:10 IST" duration-ms="2170" status="PASS">
          <reporter-output>
          </reporter-output>
        </test-method> <!-- verify_login_test -->
        <test-method is-config="true" signature="tearDown()[pri:0, instance:com.infosys.opencart.tests.LoginTest@6aa3a905]" started-at="2025-08-23T15:45:10 IST" name="tearDown" finished-at="2025-08-23T15:45:10 IST" duration-ms="316" status="PASS">
          <reporter-output>
          </reporter-output>
        </test-method> <!-- tearDown -->
      </class> <!-- com.infosys.opencart.tests.LoginTest -->
      <class name="com.infosys.opencart.tests.RegistrationTest">
        <test-method is-config="true" signature="setup(java.lang.String,java.lang.String)[pri:0, instance:com.infosys.opencart.tests.RegistrationTest@4b14918a]" started-at="2025-08-23T15:44:51 IST" name="setup" finished-at="2025-08-23T15:45:00 IST" duration-ms="9061" status="PASS">
          <params>
            <param index="0">
              <value>
                <![CDATA[edge]]>
              </value>
            </param>
            <param index="1">
              <value>
                <![CDATA[Windows]]>
              </value>
            </param>
          </params>
          <reporter-output>
          </reporter-output>
        </test-method> <!-- setup -->
        <test-method signature="valid_Account_registration_test()[pri:0, instance:com.infosys.opencart.tests.RegistrationTest@4b14918a]" started-at="2025-08-23T15:45:00 IST" name="valid_Account_registration_test" description="Verify that a user can register with valid details" finished-at="2025-08-23T15:45:04 IST" duration-ms="4101" status="PASS">
          <reporter-output>
          </reporter-output>
        </test-method> <!-- valid_Account_registration_test -->
        <test-method is-config="true" signature="tearDown()[pri:0, instance:com.infosys.opencart.tests.RegistrationTest@4b14918a]" started-at="2025-08-23T15:45:04 IST" name="tearDown" finished-at="2025-08-23T15:45:04 IST" duration-ms="302" status="PASS">
          <reporter-output>
          </reporter-output>
        </test-method> <!-- tearDown -->
      </class> <!-- com.infosys.opencart.tests.RegistrationTest -->
    </test> <!-- Test -->
  </suite> <!-- Master Suite -->
</testng-results>
