<?xml version="1.0" encoding="UTF-8"?>
<testng-results ignored="0" total="6" passed="6" failed="0" skipped="0">
  <reporter-output>
  </reporter-output>
  <suite started-at="2025-08-10T13:19:44 IST" name="Cross Browser Parallel Suite" finished-at="2025-08-10T13:20:26 IST" duration-ms="41987">
    <groups>
      <group name="Master">
        <method signature="LoginTest.verify_login_test()[pri:0, instance:com.infosys.opencart.tests.LoginTest@6aa3a905]" name="verify_login_test" class="com.infosys.opencart.tests.LoginTest"/>
        <method signature="RegistrationTest.valid_Account_registration_test()[pri:0, instance:com.infosys.opencart.tests.RegistrationTest@4b14918a]" name="valid_Account_registration_test" class="com.infosys.opencart.tests.RegistrationTest"/>
        <method signature="LoginTest.verify_login_test()[pri:0, instance:com.infosys.opencart.tests.LoginTest@63a270c9]" name="verify_login_test" class="com.infosys.opencart.tests.LoginTest"/>
        <method signature="RegistrationTest.valid_Account_registration_test()[pri:0, instance:com.infosys.opencart.tests.RegistrationTest@5cde6747]" name="valid_Account_registration_test" class="com.infosys.opencart.tests.RegistrationTest"/>
        <method signature="LoginTest.verify_login_test()[pri:0, instance:com.infosys.opencart.tests.LoginTest@1199fe66]" name="verify_login_test" class="com.infosys.opencart.tests.LoginTest"/>
        <method signature="RegistrationTest.valid_Account_registration_test()[pri:0, instance:com.infosys.opencart.tests.RegistrationTest@3ed242a4]" name="valid_Account_registration_test" class="com.infosys.opencart.tests.RegistrationTest"/>
      </group> <!-- Master -->
      <group name="Sanity">
        <method signature="LoginTest.verify_login_test()[pri:0, instance:com.infosys.opencart.tests.LoginTest@6aa3a905]" name="verify_login_test" class="com.infosys.opencart.tests.LoginTest"/>
        <method signature="LoginTest.verify_login_test()[pri:0, instance:com.infosys.opencart.tests.LoginTest@63a270c9]" name="verify_login_test" class="com.infosys.opencart.tests.LoginTest"/>
        <method signature="LoginTest.verify_login_test()[pri:0, instance:com.infosys.opencart.tests.LoginTest@1199fe66]" name="verify_login_test" class="com.infosys.opencart.tests.LoginTest"/>
      </group> <!-- Sanity -->
      <group name="Regression">
        <method signature="RegistrationTest.valid_Account_registration_test()[pri:0, instance:com.infosys.opencart.tests.RegistrationTest@4b14918a]" name="valid_Account_registration_test" class="com.infosys.opencart.tests.RegistrationTest"/>
        <method signature="RegistrationTest.valid_Account_registration_test()[pri:0, instance:com.infosys.opencart.tests.RegistrationTest@5cde6747]" name="valid_Account_registration_test" class="com.infosys.opencart.tests.RegistrationTest"/>
        <method signature="RegistrationTest.valid_Account_registration_test()[pri:0, instance:com.infosys.opencart.tests.RegistrationTest@3ed242a4]" name="valid_Account_registration_test" class="com.infosys.opencart.tests.RegistrationTest"/>
      </group> <!-- Regression -->
    </groups>
    <test started-at="2025-08-10T13:19:44 IST" name="EdgeTest" finished-at="2025-08-10T13:20:09 IST" duration-ms="25571">
      <class name="com.infosys.opencart.tests.LoginTest">
        <test-method is-config="true" signature="setup(java.lang.String,java.lang.String)[pri:0, instance:com.infosys.opencart.tests.LoginTest@1199fe66]" started-at="2025-08-10T13:19:59 IST" name="setup" finished-at="2025-08-10T13:20:03 IST" duration-ms="4831" status="PASS">
          <params>
            <param index="0">
              <value>
                <![CDATA[edge]]>
              </value>
            </param>
            <param index="1">
              <value>
                <![CDATA[Windows]]>
              </value>
            </param>
          </params>
          <reporter-output>
          </reporter-output>
        </test-method> <!-- setup -->
        <test-method is-config="true" signature="setUpPages()[pri:0, instance:com.infosys.opencart.tests.LoginTest@1199fe66]" started-at="2025-08-10T13:20:03 IST" name="setUpPages" finished-at="2025-08-10T13:20:03 IST" duration-ms="25" status="PASS">
          <reporter-output>
          </reporter-output>
        </test-method> <!-- setUpPages -->
        <test-method signature="verify_login_test()[pri:0, instance:com.infosys.opencart.tests.LoginTest@1199fe66]" started-at="2025-08-10T13:20:03 IST" name="verify_login_test" description="Verify that a user can login with valid credentials" finished-at="2025-08-10T13:20:09 IST" duration-ms="5603" status="PASS">
          <reporter-output>
          </reporter-output>
        </test-method> <!-- verify_login_test -->
        <test-method is-config="true" signature="tearDown()[pri:0, instance:com.infosys.opencart.tests.LoginTest@1199fe66]" started-at="2025-08-10T13:20:09 IST" name="tearDown" finished-at="2025-08-10T13:20:09 IST" duration-ms="358" status="PASS">
          <reporter-output>
          </reporter-output>
        </test-method> <!-- tearDown -->
      </class> <!-- com.infosys.opencart.tests.LoginTest -->
      <class name="com.infosys.opencart.tests.RegistrationTest">
        <test-method is-config="true" signature="setup(java.lang.String,java.lang.String)[pri:0, instance:com.infosys.opencart.tests.RegistrationTest@3ed242a4]" started-at="2025-08-10T13:19:44 IST" name="setup" finished-at="2025-08-10T13:19:48 IST" duration-ms="4002" status="PASS">
          <params>
            <param index="0">
              <value>
                <![CDATA[edge]]>
              </value>
            </param>
            <param index="1">
              <value>
                <![CDATA[Windows]]>
              </value>
            </param>
          </params>
          <reporter-output>
          </reporter-output>
        </test-method> <!-- setup -->
        <test-method signature="valid_Account_registration_test()[pri:0, instance:com.infosys.opencart.tests.RegistrationTest@3ed242a4]" started-at="2025-08-10T13:19:48 IST" name="valid_Account_registration_test" description="Verify that a user can register with valid details" finished-at="2025-08-10T13:19:58 IST" duration-ms="9429" status="PASS">
          <reporter-output>
          </reporter-output>
        </test-method> <!-- valid_Account_registration_test -->
        <test-method is-config="true" signature="tearDown()[pri:0, instance:com.infosys.opencart.tests.RegistrationTest@3ed242a4]" started-at="2025-08-10T13:19:58 IST" name="tearDown" finished-at="2025-08-10T13:19:59 IST" duration-ms="855" status="PASS">
          <reporter-output>
          </reporter-output>
        </test-method> <!-- tearDown -->
      </class> <!-- com.infosys.opencart.tests.RegistrationTest -->
    </test> <!-- EdgeTest -->
    <test started-at="2025-08-10T13:19:44 IST" name="ChromeTest" finished-at="2025-08-10T13:20:11 IST" duration-ms="27471">
      <class name="com.infosys.opencart.tests.LoginTest">
        <test-method is-config="true" signature="setup(java.lang.String,java.lang.String)[pri:0, instance:com.infosys.opencart.tests.LoginTest@63a270c9]" started-at="2025-08-10T13:20:02 IST" name="setup" finished-at="2025-08-10T13:20:06 IST" duration-ms="4451" status="PASS">
          <params>
            <param index="0">
              <value>
                <![CDATA[chrome]]>
              </value>
            </param>
            <param index="1">
              <value>
                <![CDATA[Windows]]>
              </value>
            </param>
          </params>
          <reporter-output>
          </reporter-output>
        </test-method> <!-- setup -->
        <test-method is-config="true" signature="setUpPages()[pri:0, instance:com.infosys.opencart.tests.LoginTest@63a270c9]" started-at="2025-08-10T13:20:06 IST" name="setUpPages" finished-at="2025-08-10T13:20:06 IST" duration-ms="2" status="PASS">
          <reporter-output>
          </reporter-output>
        </test-method> <!-- setUpPages -->
        <test-method signature="verify_login_test()[pri:0, instance:com.infosys.opencart.tests.LoginTest@63a270c9]" started-at="2025-08-10T13:20:06 IST" name="verify_login_test" description="Verify that a user can login with valid credentials" finished-at="2025-08-10T13:20:11 IST" duration-ms="4500" status="PASS">
          <reporter-output>
          </reporter-output>
        </test-method> <!-- verify_login_test -->
        <test-method is-config="true" signature="tearDown()[pri:0, instance:com.infosys.opencart.tests.LoginTest@63a270c9]" started-at="2025-08-10T13:20:11 IST" name="tearDown" finished-at="2025-08-10T13:20:11 IST" duration-ms="565" status="PASS">
          <reporter-output>
          </reporter-output>
        </test-method> <!-- tearDown -->
      </class> <!-- com.infosys.opencart.tests.LoginTest -->
      <class name="com.infosys.opencart.tests.RegistrationTest">
        <test-method is-config="true" signature="setup(java.lang.String,java.lang.String)[pri:0, instance:com.infosys.opencart.tests.RegistrationTest@5cde6747]" started-at="2025-08-10T13:19:44 IST" name="setup" finished-at="2025-08-10T13:19:48 IST" duration-ms="4200" status="PASS">
          <params>
            <param index="0">
              <value>
                <![CDATA[chrome]]>
              </value>
            </param>
            <param index="1">
              <value>
                <![CDATA[Windows]]>
              </value>
            </param>
          </params>
          <reporter-output>
          </reporter-output>
        </test-method> <!-- setup -->
        <test-method signature="valid_Account_registration_test()[pri:0, instance:com.infosys.opencart.tests.RegistrationTest@5cde6747]" started-at="2025-08-10T13:19:48 IST" name="valid_Account_registration_test" description="Verify that a user can register with valid details" finished-at="2025-08-10T13:20:01 IST" duration-ms="12690" status="PASS">
          <reporter-output>
          </reporter-output>
        </test-method> <!-- valid_Account_registration_test -->
        <test-method is-config="true" signature="tearDown()[pri:0, instance:com.infosys.opencart.tests.RegistrationTest@5cde6747]" started-at="2025-08-10T13:20:01 IST" name="tearDown" finished-at="2025-08-10T13:20:02 IST" duration-ms="667" status="PASS">
          <reporter-output>
          </reporter-output>
        </test-method> <!-- tearDown -->
      </class> <!-- com.infosys.opencart.tests.RegistrationTest -->
    </test> <!-- ChromeTest -->
    <test started-at="2025-08-10T13:19:44 IST" name="FirefoxTest" finished-at="2025-08-10T13:20:26 IST" duration-ms="41987">
      <class name="com.infosys.opencart.tests.LoginTest">
        <test-method is-config="true" signature="setup(java.lang.String,java.lang.String)[pri:0, instance:com.infosys.opencart.tests.LoginTest@6aa3a905]" started-at="2025-08-10T13:20:12 IST" name="setup" finished-at="2025-08-10T13:20:22 IST" duration-ms="9958" status="PASS">
          <params>
            <param index="0">
              <value>
                <![CDATA[firefox]]>
              </value>
            </param>
            <param index="1">
              <value>
                <![CDATA[Windows]]>
              </value>
            </param>
          </params>
          <reporter-output>
          </reporter-output>
        </test-method> <!-- setup -->
        <test-method is-config="true" signature="setUpPages()[pri:0, instance:com.infosys.opencart.tests.LoginTest@6aa3a905]" started-at="2025-08-10T13:20:22 IST" name="setUpPages" finished-at="2025-08-10T13:20:22 IST" duration-ms="1" status="PASS">
          <reporter-output>
          </reporter-output>
        </test-method> <!-- setUpPages -->
        <test-method signature="verify_login_test()[pri:0, instance:com.infosys.opencart.tests.LoginTest@6aa3a905]" started-at="2025-08-10T13:20:22 IST" name="verify_login_test" description="Verify that a user can login with valid credentials" finished-at="2025-08-10T13:20:24 IST" duration-ms="2740" status="PASS">
          <reporter-output>
          </reporter-output>
        </test-method> <!-- verify_login_test -->
        <test-method is-config="true" signature="tearDown()[pri:0, instance:com.infosys.opencart.tests.LoginTest@6aa3a905]" started-at="2025-08-10T13:20:24 IST" name="tearDown" finished-at="2025-08-10T13:20:26 IST" duration-ms="1536" status="PASS">
          <reporter-output>
          </reporter-output>
        </test-method> <!-- tearDown -->
      </class> <!-- com.infosys.opencart.tests.LoginTest -->
      <class name="com.infosys.opencart.tests.RegistrationTest">
        <test-method is-config="true" signature="setup(java.lang.String,java.lang.String)[pri:0, instance:com.infosys.opencart.tests.RegistrationTest@4b14918a]" started-at="2025-08-10T13:19:44 IST" name="setup" finished-at="2025-08-10T13:20:01 IST" duration-ms="16775" status="PASS">
          <params>
            <param index="0">
              <value>
                <![CDATA[firefox]]>
              </value>
            </param>
            <param index="1">
              <value>
                <![CDATA[Windows]]>
              </value>
            </param>
          </params>
          <reporter-output>
          </reporter-output>
        </test-method> <!-- setup -->
        <test-method signature="valid_Account_registration_test()[pri:0, instance:com.infosys.opencart.tests.RegistrationTest@4b14918a]" started-at="2025-08-10T13:20:01 IST" name="valid_Account_registration_test" description="Verify that a user can register with valid details" finished-at="2025-08-10T13:20:09 IST" duration-ms="8319" status="PASS">
          <reporter-output>
          </reporter-output>
        </test-method> <!-- valid_Account_registration_test -->
        <test-method is-config="true" signature="tearDown()[pri:0, instance:com.infosys.opencart.tests.RegistrationTest@4b14918a]" started-at="2025-08-10T13:20:09 IST" name="tearDown" finished-at="2025-08-10T13:20:12 IST" duration-ms="2269" status="PASS">
          <reporter-output>
          </reporter-output>
        </test-method> <!-- tearDown -->
      </class> <!-- com.infosys.opencart.tests.RegistrationTest -->
    </test> <!-- FirefoxTest -->
  </suite> <!-- Cross Browser Parallel Suite -->
</testng-results>
